0 info it worked if it ends with ok
1 verbose cli [ '/Users/tempadmin/.nvm/versions/node/v7.7.3/bin/node',
1 verbose cli   '/Users/tempadmin/.nvm/versions/node/v7.7.3/bin/npm',
1 verbose cli   'whoami' ]
2 info using npm@4.1.2
3 info using node@v7.7.3
4 verbose stack Error: this command requires you to be logged in.
4 verbose stack     at EventEmitter.whoami (/Users/tempadmin/.nvm/versions/node/v7.7.3/lib/node_modules/npm/lib/whoami.js:42:18)
4 verbose stack     at Object.commandCache.(anonymous function) (/Users/tempadmin/.nvm/versions/node/v7.7.3/lib/node_modules/npm/lib/npm.js:128:13)
4 verbose stack     at EventEmitter.<anonymous> (/Users/tempadmin/.nvm/versions/node/v7.7.3/lib/node_modules/npm/bin/npm-cli.js:77:30)
4 verbose stack     at _combinedTickCallback (internal/process/next_tick.js:73:7)
4 verbose stack     at process._tickCallback (internal/process/next_tick.js:104:9)
5 verbose cwd /Users/tempadmin/Desktop/Projects/fetch-all
6 error Darwin 16.7.0
7 error argv "/Users/tempadmin/.nvm/versions/node/v7.7.3/bin/node" "/Users/tempadmin/.nvm/versions/node/v7.7.3/bin/npm" "whoami"
8 error node v7.7.3
9 error npm  v4.1.2
10 error code ENEEDAUTH
11 error need auth this command requires you to be logged in.
12 error need auth You need to authorize this machine using `npm adduser`
13 verbose exit [ 1, true ]
